mysql> source task2.sql;
Database changed
--------------
CREATE TABLE FIRST_NAME(
name VARCHAR(20) NOT NULL,
CONSTRAINT FN_PK PRIMARY KEY(name) )
--------------

Query OK, 0 rows affected (0.11 sec)

--------------
INSERT INTO FIRST_NAME  VALUES ('James')
--------------

Query OK, 1 row affected (0.01 sec)

--------------
SELECT *
FROM FIRST_NAME
--------------

+-------+
| name  |
+-------+
| James |
+-------+
1 row in set (0.00 sec)

--------------
DROP TABLE FIRST_NAME
--------------

Query OK, 0 rows affected (0.02 sec)

mysql> notee;
